build/intermediates/manifest_merge_blame_file/debug/manifest-merger-blame-debug-report.txt
1<?xml version="1.0" encoding="utf-8"?>
2<manifest xmlns:android="http://schemas.android.com/apk/res/android"
3    package="com.example.newsapp"
4    android:versionCode="1"
5    android:versionName="1.0" >
6
7    <uses-sdk
8        android:minSdkVersion="22"
8-->src\main\AndroidManifest.xml
9        android:targetSdkVersion="30" />
9-->src\main\AndroidManifest.xml
10
11    <uses-permission android:name="android.permission.ACCESS_NETWORK_STATE" />
11-->src\main\AndroidManifest.xml:4:1-74
11-->src\main\AndroidManifest.xml:4:18-72
12    <uses-permission android:name="android.permission.INTERNET" />
12-->src\main\AndroidManifest.xml:5:5-67
12-->src\main\AndroidManifest.xml:5:22-64
13
14    <application
14-->src\main\AndroidManifest.xml:7:5-34:19
15        android:allowBackup="true"
15-->src\main\AndroidManifest.xml:8:9-35
16        android:appComponentFactory="androidx.core.app.CoreComponentFactory"
16-->[androidx.core:core:1.3.1] AndroidManifest.xml:24:18-86
17        android:debuggable="true"
18        android:icon="@mipmap/ic_launcher"
18-->src\main\AndroidManifest.xml:9:9-43
19        android:label="@string/app_name"
19-->src\main\AndroidManifest.xml:10:9-41
20        android:roundIcon="@mipmap/ic_launcher"
20-->src\main\AndroidManifest.xml:11:9-48
21        android:supportsRtl="true"
21-->src\main\AndroidManifest.xml:12:9-35
22        android:testOnly="true"
23        android:theme="@style/Theme.NewsApp"
23-->src\main\AndroidManifest.xml:14:9-45
24        android:usesCleartextTraffic="true" >
24-->src\main\AndroidManifest.xml:13:9-44
25
26        <!-- <activity android:name=".MainActivity"/> -->
27        <!-- <activity android:name=".NewsDetailActivity"></activity> -->
28        <activity
28-->src\main\AndroidManifest.xml:17:9-20:20
29            android:name="com.example.newsapp.NewsDetailActivity"
29-->src\main\AndroidManifest.xml:17:19-53
30            android:theme="@style/Theme.NewsApp.New" >
30-->src\main\AndroidManifest.xml:18:13-53
31        </activity>
32        <activity
32-->src\main\AndroidManifest.xml:21:9-25:20
33            android:name="com.example.newsapp.SplashScreen"
33-->src\main\AndroidManifest.xml:21:19-47
34            android:label="Topics"
34-->src\main\AndroidManifest.xml:23:13-35
35            android:theme="@style/Theme.NewsApp.Front" >
35-->src\main\AndroidManifest.xml:22:13-55
36        </activity>
37        <activity android:name="com.example.newsapp.MainActivity" >
37-->src\main\AndroidManifest.xml:26:9-32:20
37-->src\main\AndroidManifest.xml:26:19-47
38            <intent-filter>
38-->src\main\AndroidManifest.xml:27:13-31:29
39                <action android:name="android.intent.action.MAIN" />
39-->src\main\AndroidManifest.xml:28:17-69
39-->src\main\AndroidManifest.xml:28:25-66
40
41                <category android:name="android.intent.category.LAUNCHER" />
41-->src\main\AndroidManifest.xml:30:17-77
41-->src\main\AndroidManifest.xml:30:27-74
42            </intent-filter>
43        </activity>
44
45        <service
45-->[com.google.firebase:firebase-database:19.6.0] AndroidManifest.xml:29:9-35:19
46            android:name="com.google.firebase.components.ComponentDiscoveryService"
46-->[com.google.firebase:firebase-database:19.6.0] AndroidManifest.xml:30:13-84
47            android:directBootAware="true"
47-->[com.google.firebase:firebase-common:19.5.0] AndroidManifest.xml:35:13-43
48            android:exported="false" >
48-->[com.google.firebase:firebase-database:19.6.0] AndroidManifest.xml:31:13-37
49            <meta-data
49-->[com.google.firebase:firebase-database:19.6.0] AndroidManifest.xml:32:13-34:85
50                android:name="com.google.firebase.components:com.google.firebase.database.DatabaseRegistrar"
50-->[com.google.firebase:firebase-database:19.6.0] AndroidManifest.xml:33:17-109
51                android:value="com.google.firebase.components.ComponentRegistrar" />
51-->[com.google.firebase:firebase-database:19.6.0] AndroidManifest.xml:34:17-82
52            <!--
53                This registrar is not defined in the dynamic-module-support sdk itself to allow non-firebase
54                clients to use it as well, by defining this registrar in their own core/common library.
55            -->
56            <meta-data
56-->[com.google.firebase:firebase-common:19.5.0] AndroidManifest.xml:43:13-45:85
57                android:name="com.google.firebase.components:com.google.firebase.dynamicloading.DynamicLoadingRegistrar"
57-->[com.google.firebase:firebase-common:19.5.0] AndroidManifest.xml:44:17-121
58                android:value="com.google.firebase.components.ComponentRegistrar" />
58-->[com.google.firebase:firebase-common:19.5.0] AndroidManifest.xml:45:17-82
59        </service>
60
61        <provider
61-->[com.google.firebase:firebase-common:19.5.0] AndroidManifest.xml:26:9-31:39
62            android:name="com.google.firebase.provider.FirebaseInitProvider"
62-->[com.google.firebase:firebase-common:19.5.0] AndroidManifest.xml:27:13-77
63            android:authorities="com.example.newsapp.firebaseinitprovider"
63-->[com.google.firebase:firebase-common:19.5.0] AndroidManifest.xml:28:13-72
64            android:directBootAware="true"
64-->[com.google.firebase:firebase-common:19.5.0] AndroidManifest.xml:29:13-43
65            android:exported="false"
65-->[com.google.firebase:firebase-common:19.5.0] AndroidManifest.xml:30:13-37
66            android:initOrder="100" />
66-->[com.google.firebase:firebase-common:19.5.0] AndroidManifest.xml:31:13-36
67
68        <activity
68-->[com.google.android.gms:play-services-base:17.0.0] AndroidManifest.xml:23:9-26:75
69            android:name="com.google.android.gms.common.api.GoogleApiActivity"
69-->[com.google.android.gms:play-services-base:17.0.0] AndroidManifest.xml:24:13-79
70            android:exported="false"
70-->[com.google.android.gms:play-services-base:17.0.0] AndroidManifest.xml:25:13-37
71            android:theme="@android:style/Theme.Translucent.NoTitleBar" />
71-->[com.google.android.gms:play-services-base:17.0.0] AndroidManifest.xml:26:13-72
72
73        <meta-data
73-->[com.google.android.gms:play-services-basement:17.0.0] AndroidManifest.xml:23:9-25:69
74            android:name="com.google.android.gms.version"
74-->[com.google.android.gms:play-services-basement:17.0.0] AndroidManifest.xml:24:13-58
75            android:value="@integer/google_play_services_version" />
75-->[com.google.android.gms:play-services-basement:17.0.0] AndroidManifest.xml:25:13-66
76    </application>
77
78</manifest>